INFO - 2024-08-24 03:10:11 --> Session: Class initialized using 'CodeIgniter\Session\Handlers\FileHandler' driver.
CRITICAL - 2024-08-24 04:14:41 --> ErrorException: Undefined variable: pager
in APPPATH\Views\statiques\actualites.php on line 109.
 1 APPPATH\Views\statiques\actualites.php(109): CodeIgniter\Debug\Exceptions->errorHandler(8, 'Undefined variable: pager', 'C:\\wamp64\\www\\mpem\\app\\Views\\statiques\\actualites.php', 109, [...])
 2 SYSTEMPATH\View\View.php(228): include('C:\\wamp64\\www\\mpem\\app\\Views\\statiques\\actualites.php')
 3 SYSTEMPATH\View\View.php(231): CodeIgniter\View\View->CodeIgniter\View\{closure}()
 4 SYSTEMPATH\Common.php(1178): CodeIgniter\View\View->render('statiques/actualites', [], true)
 5 APPPATH\Controllers\Statiques.php(142): view('statiques/actualites', [...])
 6 APPPATH\Controllers\Statiques.php(27): App\Controllers\Statiques->afficher('actualites')
 7 SYSTEMPATH\CodeIgniter.php(941): App\Controllers\Statiques->actualites()
 8 SYSTEMPATH\CodeIgniter.php(502): CodeIgniter\CodeIgniter->runController(Object(App\Controllers\Statiques))
 9 SYSTEMPATH\CodeIgniter.php(361): CodeIgniter\CodeIgniter->handleRequest(null, Object(Config\Cache), false)
10 FCPATH\index.php(79): CodeIgniter\CodeIgniter->run()
CRITICAL - 2024-08-24 04:14:52 --> ErrorException: Undefined variable: pager
in APPPATH\Views\statiques\actualites.php on line 109.
 1 APPPATH\Views\statiques\actualites.php(109): CodeIgniter\Debug\Exceptions->errorHandler(8, 'Undefined variable: pager', 'C:\\wamp64\\www\\mpem\\app\\Views\\statiques\\actualites.php', 109, [...])
 2 SYSTEMPATH\View\View.php(228): include('C:\\wamp64\\www\\mpem\\app\\Views\\statiques\\actualites.php')
 3 SYSTEMPATH\View\View.php(231): CodeIgniter\View\View->CodeIgniter\View\{closure}()
 4 SYSTEMPATH\Common.php(1178): CodeIgniter\View\View->render('statiques/actualites', [], true)
 5 APPPATH\Controllers\Statiques.php(142): view('statiques/actualites', [...])
 6 APPPATH\Controllers\Statiques.php(27): App\Controllers\Statiques->afficher('actualites')
 7 SYSTEMPATH\CodeIgniter.php(941): App\Controllers\Statiques->actualites()
 8 SYSTEMPATH\CodeIgniter.php(502): CodeIgniter\CodeIgniter->runController(Object(App\Controllers\Statiques))
 9 SYSTEMPATH\CodeIgniter.php(361): CodeIgniter\CodeIgniter->handleRequest(null, Object(Config\Cache), false)
10 FCPATH\index.php(79): CodeIgniter\CodeIgniter->run()
CRITICAL - 2024-08-24 04:18:17 --> ErrorException: Undefined variable: pager
in APPPATH\Views\statiques\actualites.php on line 109.
 1 APPPATH\Views\statiques\actualites.php(109): CodeIgniter\Debug\Exceptions->errorHandler(8, 'Undefined variable: pager', 'C:\\wamp64\\www\\mpem\\app\\Views\\statiques\\actualites.php', 109, [...])
 2 SYSTEMPATH\View\View.php(228): include('C:\\wamp64\\www\\mpem\\app\\Views\\statiques\\actualites.php')
 3 SYSTEMPATH\View\View.php(231): CodeIgniter\View\View->CodeIgniter\View\{closure}()
 4 SYSTEMPATH\Common.php(1178): CodeIgniter\View\View->render('statiques/actualites', [], true)
 5 APPPATH\Controllers\Statiques.php(142): view('statiques/actualites', [...])
 6 APPPATH\Controllers\Statiques.php(27): App\Controllers\Statiques->afficher('actualites')
 7 SYSTEMPATH\CodeIgniter.php(941): App\Controllers\Statiques->actualites()
 8 SYSTEMPATH\CodeIgniter.php(502): CodeIgniter\CodeIgniter->runController(Object(App\Controllers\Statiques))
 9 SYSTEMPATH\CodeIgniter.php(361): CodeIgniter\CodeIgniter->handleRequest(null, Object(Config\Cache), false)
10 FCPATH\index.php(79): CodeIgniter\CodeIgniter->run()
CRITICAL - 2024-08-24 04:39:48 --> ErrorException: Undefined variable: pager
in APPPATH\Views\statiques\actualites.php on line 109.
 1 APPPATH\Views\statiques\actualites.php(109): CodeIgniter\Debug\Exceptions->errorHandler(8, 'Undefined variable: pager', 'C:\\wamp64\\www\\mpem\\app\\Views\\statiques\\actualites.php', 109, [...])
 2 SYSTEMPATH\View\View.php(228): include('C:\\wamp64\\www\\mpem\\app\\Views\\statiques\\actualites.php')
 3 SYSTEMPATH\View\View.php(231): CodeIgniter\View\View->CodeIgniter\View\{closure}()
 4 SYSTEMPATH\Common.php(1178): CodeIgniter\View\View->render('statiques/actualites', [], true)
 5 APPPATH\Controllers\Statiques.php(142): view('statiques/actualites', [...])
 6 APPPATH\Controllers\Statiques.php(27): App\Controllers\Statiques->afficher('actualites')
 7 SYSTEMPATH\CodeIgniter.php(941): App\Controllers\Statiques->actualites()
 8 SYSTEMPATH\CodeIgniter.php(502): CodeIgniter\CodeIgniter->runController(Object(App\Controllers\Statiques))
 9 SYSTEMPATH\CodeIgniter.php(361): CodeIgniter\CodeIgniter->handleRequest(null, Object(Config\Cache), false)
10 FCPATH\index.php(79): CodeIgniter\CodeIgniter->run()
CRITICAL - 2024-08-24 04:39:49 --> ErrorException: Undefined variable: pager
in APPPATH\Views\statiques\actualites.php on line 109.
 1 APPPATH\Views\statiques\actualites.php(109): CodeIgniter\Debug\Exceptions->errorHandler(8, 'Undefined variable: pager', 'C:\\wamp64\\www\\mpem\\app\\Views\\statiques\\actualites.php', 109, [...])
 2 SYSTEMPATH\View\View.php(228): include('C:\\wamp64\\www\\mpem\\app\\Views\\statiques\\actualites.php')
 3 SYSTEMPATH\View\View.php(231): CodeIgniter\View\View->CodeIgniter\View\{closure}()
 4 SYSTEMPATH\Common.php(1178): CodeIgniter\View\View->render('statiques/actualites', [], true)
 5 APPPATH\Controllers\Statiques.php(142): view('statiques/actualites', [...])
 6 APPPATH\Controllers\Statiques.php(27): App\Controllers\Statiques->afficher('actualites')
 7 SYSTEMPATH\CodeIgniter.php(941): App\Controllers\Statiques->actualites()
 8 SYSTEMPATH\CodeIgniter.php(502): CodeIgniter\CodeIgniter->runController(Object(App\Controllers\Statiques))
 9 SYSTEMPATH\CodeIgniter.php(361): CodeIgniter\CodeIgniter->handleRequest(null, Object(Config\Cache), false)
10 FCPATH\index.php(79): CodeIgniter\CodeIgniter->run()
CRITICAL - 2024-08-24 04:40:51 --> ErrorException: Undefined variable: pager
in APPPATH\Views\statiques\actualites.php on line 109.
 1 APPPATH\Views\statiques\actualites.php(109): CodeIgniter\Debug\Exceptions->errorHandler(8, 'Undefined variable: pager', 'C:\\wamp64\\www\\mpem\\app\\Views\\statiques\\actualites.php', 109, [...])
 2 SYSTEMPATH\View\View.php(228): include('C:\\wamp64\\www\\mpem\\app\\Views\\statiques\\actualites.php')
 3 SYSTEMPATH\View\View.php(231): CodeIgniter\View\View->CodeIgniter\View\{closure}()
 4 SYSTEMPATH\Common.php(1178): CodeIgniter\View\View->render('statiques/actualites', [], true)
 5 APPPATH\Controllers\Statiques.php(142): view('statiques/actualites', [...])
 6 APPPATH\Controllers\Statiques.php(27): App\Controllers\Statiques->afficher('actualites')
 7 SYSTEMPATH\CodeIgniter.php(941): App\Controllers\Statiques->actualites()
 8 SYSTEMPATH\CodeIgniter.php(502): CodeIgniter\CodeIgniter->runController(Object(App\Controllers\Statiques))
 9 SYSTEMPATH\CodeIgniter.php(361): CodeIgniter\CodeIgniter->handleRequest(null, Object(Config\Cache), false)
10 FCPATH\index.php(79): CodeIgniter\CodeIgniter->run()
CRITICAL - 2024-08-24 04:55:05 --> ParseError: syntax error, unexpected ')', expecting '['
in APPPATH\Controllers\C_articles.php on line 19.
 1 SYSTEMPATH\Autoloader\Autoloader.php(290): CodeIgniter\Autoloader\Autoloader->includeFile('C:\\wamp64\\www\\mpem\\app\\Controllers\\C_articles.php')
 2 SYSTEMPATH\Autoloader\Autoloader.php(266): CodeIgniter\Autoloader\Autoloader->loadInNamespace('App\\Controllers\\C_articles')
 3 [internal function]: CodeIgniter\Autoloader\Autoloader->loadClass('App\\Controllers\\C_articles')
 4 [internal function]: spl_autoload_call('App\\Controllers\\C_articles')
 5 SYSTEMPATH\CodeIgniter.php(899): class_exists('\\App\\Controllers\\C_articles', true)
 6 SYSTEMPATH\CodeIgniter.php(489): CodeIgniter\CodeIgniter->startController()
 7 SYSTEMPATH\CodeIgniter.php(361): CodeIgniter\CodeIgniter->handleRequest(null, Object(Config\Cache), false)
 8 FCPATH\index.php(79): CodeIgniter\CodeIgniter->run()
CRITICAL - 2024-08-24 04:56:14 --> ParseError: syntax error, unexpected ')', expecting '['
in APPPATH\Controllers\C_articles.php on line 19.
 1 SYSTEMPATH\Autoloader\Autoloader.php(290): CodeIgniter\Autoloader\Autoloader->includeFile('C:\\wamp64\\www\\mpem\\app\\Controllers\\C_articles.php')
 2 SYSTEMPATH\Autoloader\Autoloader.php(266): CodeIgniter\Autoloader\Autoloader->loadInNamespace('App\\Controllers\\C_articles')
 3 [internal function]: CodeIgniter\Autoloader\Autoloader->loadClass('App\\Controllers\\C_articles')
 4 [internal function]: spl_autoload_call('App\\Controllers\\C_articles')
 5 SYSTEMPATH\CodeIgniter.php(899): class_exists('\\App\\Controllers\\C_articles', true)
 6 SYSTEMPATH\CodeIgniter.php(489): CodeIgniter\CodeIgniter->startController()
 7 SYSTEMPATH\CodeIgniter.php(361): CodeIgniter\CodeIgniter->handleRequest(null, Object(Config\Cache), false)
 8 FCPATH\index.php(79): CodeIgniter\CodeIgniter->run()
CRITICAL - 2024-08-24 05:00:01 --> ErrorException: Undefined variable: model
in APPPATH\Controllers\C_articles.php on line 18.
 1 APPPATH\Controllers\C_articles.php(18): CodeIgniter\Debug\Exceptions->errorHandler(8, 'Undefined variable: model', 'C:\\wamp64\\www\\mpem\\app\\Controllers\\C_articles.php', 18, [])
 2 SYSTEMPATH\CodeIgniter.php(941): App\Controllers\C_articles->testPagination()
 3 SYSTEMPATH\CodeIgniter.php(502): CodeIgniter\CodeIgniter->runController(Object(App\Controllers\C_articles))
 4 SYSTEMPATH\CodeIgniter.php(361): CodeIgniter\CodeIgniter->handleRequest(null, Object(Config\Cache), false)
 5 FCPATH\index.php(79): CodeIgniter\CodeIgniter->run()
CRITICAL - 2024-08-24 05:05:10 --> ParseError: syntax error, unexpected '$model' (T_VARIABLE)
in APPPATH\Controllers\C_articles.php on line 18.
 1 SYSTEMPATH\Autoloader\Autoloader.php(290): CodeIgniter\Autoloader\Autoloader->includeFile('C:\\wamp64\\www\\mpem\\app\\Controllers\\C_articles.php')
 2 SYSTEMPATH\Autoloader\Autoloader.php(266): CodeIgniter\Autoloader\Autoloader->loadInNamespace('App\\Controllers\\C_articles')
 3 [internal function]: CodeIgniter\Autoloader\Autoloader->loadClass('App\\Controllers\\C_articles')
 4 [internal function]: spl_autoload_call('App\\Controllers\\C_articles')
 5 SYSTEMPATH\CodeIgniter.php(899): class_exists('\\App\\Controllers\\C_articles', true)
 6 SYSTEMPATH\CodeIgniter.php(489): CodeIgniter\CodeIgniter->startController()
 7 SYSTEMPATH\CodeIgniter.php(361): CodeIgniter\CodeIgniter->handleRequest(null, Object(Config\Cache), false)
 8 FCPATH\index.php(79): CodeIgniter\CodeIgniter->run()
CRITICAL - 2024-08-24 05:06:42 --> ParseError: syntax error, unexpected '$model' (T_VARIABLE)
in APPPATH\Controllers\C_articles.php on line 18.
 1 SYSTEMPATH\Autoloader\Autoloader.php(290): CodeIgniter\Autoloader\Autoloader->includeFile('C:\\wamp64\\www\\mpem\\app\\Controllers\\C_articles.php')
 2 SYSTEMPATH\Autoloader\Autoloader.php(266): CodeIgniter\Autoloader\Autoloader->loadInNamespace('App\\Controllers\\C_articles')
 3 [internal function]: CodeIgniter\Autoloader\Autoloader->loadClass('App\\Controllers\\C_articles')
 4 [internal function]: spl_autoload_call('App\\Controllers\\C_articles')
 5 SYSTEMPATH\CodeIgniter.php(899): class_exists('\\App\\Controllers\\C_articles', true)
 6 SYSTEMPATH\CodeIgniter.php(489): CodeIgniter\CodeIgniter->startController()
 7 SYSTEMPATH\CodeIgniter.php(361): CodeIgniter\CodeIgniter->handleRequest(null, Object(Config\Cache), false)
 8 FCPATH\index.php(79): CodeIgniter\CodeIgniter->run()
CRITICAL - 2024-08-24 05:06:43 --> ParseError: syntax error, unexpected '$model' (T_VARIABLE)
in APPPATH\Controllers\C_articles.php on line 18.
 1 SYSTEMPATH\Autoloader\Autoloader.php(290): CodeIgniter\Autoloader\Autoloader->includeFile('C:\\wamp64\\www\\mpem\\app\\Controllers\\C_articles.php')
 2 SYSTEMPATH\Autoloader\Autoloader.php(266): CodeIgniter\Autoloader\Autoloader->loadInNamespace('App\\Controllers\\C_articles')
 3 [internal function]: CodeIgniter\Autoloader\Autoloader->loadClass('App\\Controllers\\C_articles')
 4 [internal function]: spl_autoload_call('App\\Controllers\\C_articles')
 5 SYSTEMPATH\CodeIgniter.php(899): class_exists('\\App\\Controllers\\C_articles', true)
 6 SYSTEMPATH\CodeIgniter.php(489): CodeIgniter\CodeIgniter->startController()
 7 SYSTEMPATH\CodeIgniter.php(361): CodeIgniter\CodeIgniter->handleRequest(null, Object(Config\Cache), false)
 8 FCPATH\index.php(79): CodeIgniter\CodeIgniter->run()
CRITICAL - 2024-08-24 05:06:44 --> ParseError: syntax error, unexpected '$model' (T_VARIABLE)
in APPPATH\Controllers\C_articles.php on line 18.
 1 SYSTEMPATH\Autoloader\Autoloader.php(290): CodeIgniter\Autoloader\Autoloader->includeFile('C:\\wamp64\\www\\mpem\\app\\Controllers\\C_articles.php')
 2 SYSTEMPATH\Autoloader\Autoloader.php(266): CodeIgniter\Autoloader\Autoloader->loadInNamespace('App\\Controllers\\C_articles')
 3 [internal function]: CodeIgniter\Autoloader\Autoloader->loadClass('App\\Controllers\\C_articles')
 4 [internal function]: spl_autoload_call('App\\Controllers\\C_articles')
 5 SYSTEMPATH\CodeIgniter.php(899): class_exists('\\App\\Controllers\\C_articles', true)
 6 SYSTEMPATH\CodeIgniter.php(489): CodeIgniter\CodeIgniter->startController()
 7 SYSTEMPATH\CodeIgniter.php(361): CodeIgniter\CodeIgniter->handleRequest(null, Object(Config\Cache), false)
 8 FCPATH\index.php(79): CodeIgniter\CodeIgniter->run()
CRITICAL - 2024-08-24 05:06:44 --> ParseError: syntax error, unexpected '$model' (T_VARIABLE)
in APPPATH\Controllers\C_articles.php on line 18.
 1 SYSTEMPATH\Autoloader\Autoloader.php(290): CodeIgniter\Autoloader\Autoloader->includeFile('C:\\wamp64\\www\\mpem\\app\\Controllers\\C_articles.php')
 2 SYSTEMPATH\Autoloader\Autoloader.php(266): CodeIgniter\Autoloader\Autoloader->loadInNamespace('App\\Controllers\\C_articles')
 3 [internal function]: CodeIgniter\Autoloader\Autoloader->loadClass('App\\Controllers\\C_articles')
 4 [internal function]: spl_autoload_call('App\\Controllers\\C_articles')
 5 SYSTEMPATH\CodeIgniter.php(899): class_exists('\\App\\Controllers\\C_articles', true)
 6 SYSTEMPATH\CodeIgniter.php(489): CodeIgniter\CodeIgniter->startController()
 7 SYSTEMPATH\CodeIgniter.php(361): CodeIgniter\CodeIgniter->handleRequest(null, Object(Config\Cache), false)
 8 FCPATH\index.php(79): CodeIgniter\CodeIgniter->run()
CRITICAL - 2024-08-24 05:06:45 --> ParseError: syntax error, unexpected '$model' (T_VARIABLE)
in APPPATH\Controllers\C_articles.php on line 18.
 1 SYSTEMPATH\Autoloader\Autoloader.php(290): CodeIgniter\Autoloader\Autoloader->includeFile('C:\\wamp64\\www\\mpem\\app\\Controllers\\C_articles.php')
 2 SYSTEMPATH\Autoloader\Autoloader.php(266): CodeIgniter\Autoloader\Autoloader->loadInNamespace('App\\Controllers\\C_articles')
 3 [internal function]: CodeIgniter\Autoloader\Autoloader->loadClass('App\\Controllers\\C_articles')
 4 [internal function]: spl_autoload_call('App\\Controllers\\C_articles')
 5 SYSTEMPATH\CodeIgniter.php(899): class_exists('\\App\\Controllers\\C_articles', true)
 6 SYSTEMPATH\CodeIgniter.php(489): CodeIgniter\CodeIgniter->startController()
 7 SYSTEMPATH\CodeIgniter.php(361): CodeIgniter\CodeIgniter->handleRequest(null, Object(Config\Cache), false)
 8 FCPATH\index.php(79): CodeIgniter\CodeIgniter->run()
CRITICAL - 2024-08-24 05:07:55 --> ParseError: syntax error, unexpected '}', expecting end of file
in APPPATH\Controllers\C_articles.php on line 23.
 1 SYSTEMPATH\Autoloader\Autoloader.php(290): CodeIgniter\Autoloader\Autoloader->includeFile('C:\\wamp64\\www\\mpem\\app\\Controllers\\C_articles.php')
 2 SYSTEMPATH\Autoloader\Autoloader.php(266): CodeIgniter\Autoloader\Autoloader->loadInNamespace('App\\Controllers\\C_articles')
 3 [internal function]: CodeIgniter\Autoloader\Autoloader->loadClass('App\\Controllers\\C_articles')
 4 [internal function]: spl_autoload_call('App\\Controllers\\C_articles')
 5 SYSTEMPATH\CodeIgniter.php(899): class_exists('\\App\\Controllers\\C_articles', true)
 6 SYSTEMPATH\CodeIgniter.php(489): CodeIgniter\CodeIgniter->startController()
 7 SYSTEMPATH\CodeIgniter.php(361): CodeIgniter\CodeIgniter->handleRequest(null, Object(Config\Cache), false)
 8 FCPATH\index.php(79): CodeIgniter\CodeIgniter->run()
CRITICAL - 2024-08-24 05:08:20 --> CodeIgniter\View\Exceptions\ViewException: Invalid file: "actualites.php"
in SYSTEMPATH\Exceptions\FrameworkException.php on line 39.
 1 SYSTEMPATH\View\View.php(216): CodeIgniter\Exceptions\FrameworkException::forInvalidFile('actualites.php')
 2 SYSTEMPATH\Common.php(1178): CodeIgniter\View\View->render('actualites', [], true)
 3 APPPATH\Controllers\C_articles.php(20): view('actualites')
 4 SYSTEMPATH\CodeIgniter.php(941): App\Controllers\C_articles->testPagination()
 5 SYSTEMPATH\CodeIgniter.php(502): CodeIgniter\CodeIgniter->runController(Object(App\Controllers\C_articles))
 6 SYSTEMPATH\CodeIgniter.php(361): CodeIgniter\CodeIgniter->handleRequest(null, Object(Config\Cache), false)
 7 FCPATH\index.php(79): CodeIgniter\CodeIgniter->run()
CRITICAL - 2024-08-24 05:10:02 --> CodeIgniter\View\Exceptions\ViewException: Invalid file: "actualites.php"
in SYSTEMPATH\Exceptions\FrameworkException.php on line 39.
 1 SYSTEMPATH\View\View.php(216): CodeIgniter\Exceptions\FrameworkException::forInvalidFile('actualites.php')
 2 SYSTEMPATH\Common.php(1178): CodeIgniter\View\View->render('actualites', [], true)
 3 APPPATH\Controllers\C_articles.php(20): view('actualites', [...])
 4 SYSTEMPATH\CodeIgniter.php(941): App\Controllers\C_articles->testPagination()
 5 SYSTEMPATH\CodeIgniter.php(502): CodeIgniter\CodeIgniter->runController(Object(App\Controllers\C_articles))
 6 SYSTEMPATH\CodeIgniter.php(361): CodeIgniter\CodeIgniter->handleRequest(null, Object(Config\Cache), false)
 7 FCPATH\index.php(79): CodeIgniter\CodeIgniter->run()
CRITICAL - 2024-08-24 05:10:03 --> CodeIgniter\View\Exceptions\ViewException: Invalid file: "actualites.php"
in SYSTEMPATH\Exceptions\FrameworkException.php on line 39.
 1 SYSTEMPATH\View\View.php(216): CodeIgniter\Exceptions\FrameworkException::forInvalidFile('actualites.php')
 2 SYSTEMPATH\Common.php(1178): CodeIgniter\View\View->render('actualites', [], true)
 3 APPPATH\Controllers\C_articles.php(20): view('actualites', [...])
 4 SYSTEMPATH\CodeIgniter.php(941): App\Controllers\C_articles->testPagination()
 5 SYSTEMPATH\CodeIgniter.php(502): CodeIgniter\CodeIgniter->runController(Object(App\Controllers\C_articles))
 6 SYSTEMPATH\CodeIgniter.php(361): CodeIgniter\CodeIgniter->handleRequest(null, Object(Config\Cache), false)
 7 FCPATH\index.php(79): CodeIgniter\CodeIgniter->run()
CRITICAL - 2024-08-24 05:12:28 --> CodeIgniter\View\Exceptions\ViewException: Invalid file: "actualites.php"
in SYSTEMPATH\Exceptions\FrameworkException.php on line 39.
 1 SYSTEMPATH\View\View.php(216): CodeIgniter\Exceptions\FrameworkException::forInvalidFile('actualites.php')
 2 SYSTEMPATH\Common.php(1178): CodeIgniter\View\View->render('actualites', [], true)
 3 APPPATH\Controllers\C_articles.php(20): view('actualites', [...])
 4 SYSTEMPATH\CodeIgniter.php(941): App\Controllers\C_articles->testPagination()
 5 SYSTEMPATH\CodeIgniter.php(502): CodeIgniter\CodeIgniter->runController(Object(App\Controllers\C_articles))
 6 SYSTEMPATH\CodeIgniter.php(361): CodeIgniter\CodeIgniter->handleRequest(null, Object(Config\Cache), false)
 7 FCPATH\index.php(79): CodeIgniter\CodeIgniter->run()
CRITICAL - 2024-08-24 05:12:29 --> CodeIgniter\View\Exceptions\ViewException: Invalid file: "actualites.php"
in SYSTEMPATH\Exceptions\FrameworkException.php on line 39.
 1 SYSTEMPATH\View\View.php(216): CodeIgniter\Exceptions\FrameworkException::forInvalidFile('actualites.php')
 2 SYSTEMPATH\Common.php(1178): CodeIgniter\View\View->render('actualites', [], true)
 3 APPPATH\Controllers\C_articles.php(20): view('actualites', [...])
 4 SYSTEMPATH\CodeIgniter.php(941): App\Controllers\C_articles->testPagination()
 5 SYSTEMPATH\CodeIgniter.php(502): CodeIgniter\CodeIgniter->runController(Object(App\Controllers\C_articles))
 6 SYSTEMPATH\CodeIgniter.php(361): CodeIgniter\CodeIgniter->handleRequest(null, Object(Config\Cache), false)
 7 FCPATH\index.php(79): CodeIgniter\CodeIgniter->run()
CRITICAL - 2024-08-24 05:12:29 --> CodeIgniter\View\Exceptions\ViewException: Invalid file: "actualites.php"
in SYSTEMPATH\Exceptions\FrameworkException.php on line 39.
 1 SYSTEMPATH\View\View.php(216): CodeIgniter\Exceptions\FrameworkException::forInvalidFile('actualites.php')
 2 SYSTEMPATH\Common.php(1178): CodeIgniter\View\View->render('actualites', [], true)
 3 APPPATH\Controllers\C_articles.php(20): view('actualites', [...])
 4 SYSTEMPATH\CodeIgniter.php(941): App\Controllers\C_articles->testPagination()
 5 SYSTEMPATH\CodeIgniter.php(502): CodeIgniter\CodeIgniter->runController(Object(App\Controllers\C_articles))
 6 SYSTEMPATH\CodeIgniter.php(361): CodeIgniter\CodeIgniter->handleRequest(null, Object(Config\Cache), false)
 7 FCPATH\index.php(79): CodeIgniter\CodeIgniter->run()
CRITICAL - 2024-08-24 05:13:58 --> CodeIgniter\View\Exceptions\ViewException: Invalid file: "actualites.php"
in SYSTEMPATH\Exceptions\FrameworkException.php on line 39.
 1 SYSTEMPATH\View\View.php(216): CodeIgniter\Exceptions\FrameworkException::forInvalidFile('actualites.php')
 2 SYSTEMPATH\Common.php(1178): CodeIgniter\View\View->render('actualites', [], true)
 3 APPPATH\Controllers\C_articles.php(20): view('actualites', [...])
 4 SYSTEMPATH\CodeIgniter.php(941): App\Controllers\C_articles->testPagination()
 5 SYSTEMPATH\CodeIgniter.php(502): CodeIgniter\CodeIgniter->runController(Object(App\Controllers\C_articles))
 6 SYSTEMPATH\CodeIgniter.php(361): CodeIgniter\CodeIgniter->handleRequest(null, Object(Config\Cache), false)
 7 FCPATH\index.php(79): CodeIgniter\CodeIgniter->run()
CRITICAL - 2024-08-24 05:29:11 --> ParseError: syntax error, unexpected '<'
in APPPATH\Views\statiques\actualites.php on line 112.
 1 SYSTEMPATH\View\View.php(231): CodeIgniter\View\View->CodeIgniter\View\{closure}()
 2 SYSTEMPATH\Common.php(1178): CodeIgniter\View\View->render('statiques/actualites', [], true)
 3 APPPATH\Controllers\Statiques.php(142): view('statiques/actualites', [...])
 4 APPPATH\Controllers\Statiques.php(27): App\Controllers\Statiques->afficher('actualites')
 5 SYSTEMPATH\CodeIgniter.php(941): App\Controllers\Statiques->actualites()
 6 SYSTEMPATH\CodeIgniter.php(502): CodeIgniter\CodeIgniter->runController(Object(App\Controllers\Statiques))
 7 SYSTEMPATH\CodeIgniter.php(361): CodeIgniter\CodeIgniter->handleRequest(null, Object(Config\Cache), false)
 8 FCPATH\index.php(79): CodeIgniter\CodeIgniter->run()
CRITICAL - 2024-08-24 05:29:56 --> ParseError: syntax error, unexpected 'echo' (T_ECHO)
in APPPATH\Views\statiques\actualites.php on line 111.
 1 SYSTEMPATH\View\View.php(231): CodeIgniter\View\View->CodeIgniter\View\{closure}()
 2 SYSTEMPATH\Common.php(1178): CodeIgniter\View\View->render('statiques/actualites', [], true)
 3 APPPATH\Controllers\Statiques.php(142): view('statiques/actualites', [...])
 4 APPPATH\Controllers\Statiques.php(27): App\Controllers\Statiques->afficher('actualites')
 5 SYSTEMPATH\CodeIgniter.php(941): App\Controllers\Statiques->actualites()
 6 SYSTEMPATH\CodeIgniter.php(502): CodeIgniter\CodeIgniter->runController(Object(App\Controllers\Statiques))
 7 SYSTEMPATH\CodeIgniter.php(361): CodeIgniter\CodeIgniter->handleRequest(null, Object(Config\Cache), false)
 8 FCPATH\index.php(79): CodeIgniter\CodeIgniter->run()
CRITICAL - 2024-08-24 05:33:12 --> ParseError: syntax error, unexpected 'echo' (T_ECHO)
in APPPATH\Views\statiques\actualites.php on line 111.
 1 SYSTEMPATH\View\View.php(231): CodeIgniter\View\View->CodeIgniter\View\{closure}()
 2 SYSTEMPATH\Common.php(1178): CodeIgniter\View\View->render('statiques/actualites', [], true)
 3 APPPATH\Controllers\Statiques.php(142): view('statiques/actualites', [...])
 4 APPPATH\Controllers\Statiques.php(27): App\Controllers\Statiques->afficher('actualites')
 5 SYSTEMPATH\CodeIgniter.php(941): App\Controllers\Statiques->actualites()
 6 SYSTEMPATH\CodeIgniter.php(502): CodeIgniter\CodeIgniter->runController(Object(App\Controllers\Statiques))
 7 SYSTEMPATH\CodeIgniter.php(361): CodeIgniter\CodeIgniter->handleRequest(null, Object(Config\Cache), false)
 8 FCPATH\index.php(79): CodeIgniter\CodeIgniter->run()
CRITICAL - 2024-08-24 05:34:09 --> ParseError: syntax error, unexpected 'echo' (T_ECHO)
in APPPATH\Views\statiques\actualites.php on line 111.
 1 SYSTEMPATH\View\View.php(231): CodeIgniter\View\View->CodeIgniter\View\{closure}()
 2 SYSTEMPATH\Common.php(1178): CodeIgniter\View\View->render('statiques/actualites', [], true)
 3 APPPATH\Controllers\Statiques.php(142): view('statiques/actualites', [...])
 4 APPPATH\Controllers\Statiques.php(27): App\Controllers\Statiques->afficher('actualites')
 5 SYSTEMPATH\CodeIgniter.php(941): App\Controllers\Statiques->actualites()
 6 SYSTEMPATH\CodeIgniter.php(502): CodeIgniter\CodeIgniter->runController(Object(App\Controllers\Statiques))
 7 SYSTEMPATH\CodeIgniter.php(361): CodeIgniter\CodeIgniter->handleRequest(null, Object(Config\Cache), false)
 8 FCPATH\index.php(79): CodeIgniter\CodeIgniter->run()
CRITICAL - 2024-08-24 05:34:29 --> ParseError: syntax error, unexpected 'echo' (T_ECHO)
in APPPATH\Views\statiques\actualites.php on line 111.
 1 SYSTEMPATH\View\View.php(231): CodeIgniter\View\View->CodeIgniter\View\{closure}()
 2 SYSTEMPATH\Common.php(1178): CodeIgniter\View\View->render('statiques/actualites', [], true)
 3 APPPATH\Controllers\Statiques.php(142): view('statiques/actualites', [...])
 4 APPPATH\Controllers\Statiques.php(27): App\Controllers\Statiques->afficher('actualites')
 5 SYSTEMPATH\CodeIgniter.php(941): App\Controllers\Statiques->actualites()
 6 SYSTEMPATH\CodeIgniter.php(502): CodeIgniter\CodeIgniter->runController(Object(App\Controllers\Statiques))
 7 SYSTEMPATH\CodeIgniter.php(361): CodeIgniter\CodeIgniter->handleRequest(null, Object(Config\Cache), false)
 8 FCPATH\index.php(79): CodeIgniter\CodeIgniter->run()
CRITICAL - 2024-08-24 05:34:30 --> ParseError: syntax error, unexpected 'echo' (T_ECHO)
in APPPATH\Views\statiques\actualites.php on line 111.
 1 SYSTEMPATH\View\View.php(231): CodeIgniter\View\View->CodeIgniter\View\{closure}()
 2 SYSTEMPATH\Common.php(1178): CodeIgniter\View\View->render('statiques/actualites', [], true)
 3 APPPATH\Controllers\Statiques.php(142): view('statiques/actualites', [...])
 4 APPPATH\Controllers\Statiques.php(27): App\Controllers\Statiques->afficher('actualites')
 5 SYSTEMPATH\CodeIgniter.php(941): App\Controllers\Statiques->actualites()
 6 SYSTEMPATH\CodeIgniter.php(502): CodeIgniter\CodeIgniter->runController(Object(App\Controllers\Statiques))
 7 SYSTEMPATH\CodeIgniter.php(361): CodeIgniter\CodeIgniter->handleRequest(null, Object(Config\Cache), false)
 8 FCPATH\index.php(79): CodeIgniter\CodeIgniter->run()
CRITICAL - 2024-08-24 05:36:21 --> ParseError: syntax error, unexpected 'echo' (T_ECHO)
in APPPATH\Views\statiques\actualites.php on line 111.
 1 SYSTEMPATH\View\View.php(231): CodeIgniter\View\View->CodeIgniter\View\{closure}()
 2 SYSTEMPATH\Common.php(1178): CodeIgniter\View\View->render('statiques/actualites', [], true)
 3 APPPATH\Controllers\Statiques.php(142): view('statiques/actualites', [...])
 4 APPPATH\Controllers\Statiques.php(27): App\Controllers\Statiques->afficher('actualites')
 5 SYSTEMPATH\CodeIgniter.php(941): App\Controllers\Statiques->actualites()
 6 SYSTEMPATH\CodeIgniter.php(502): CodeIgniter\CodeIgniter->runController(Object(App\Controllers\Statiques))
 7 SYSTEMPATH\CodeIgniter.php(361): CodeIgniter\CodeIgniter->handleRequest(null, Object(Config\Cache), false)
 8 FCPATH\index.php(79): CodeIgniter\CodeIgniter->run()
CRITICAL - 2024-08-24 05:36:22 --> ParseError: syntax error, unexpected 'echo' (T_ECHO)
in APPPATH\Views\statiques\actualites.php on line 111.
 1 SYSTEMPATH\View\View.php(231): CodeIgniter\View\View->CodeIgniter\View\{closure}()
 2 SYSTEMPATH\Common.php(1178): CodeIgniter\View\View->render('statiques/actualites', [], true)
 3 APPPATH\Controllers\Statiques.php(142): view('statiques/actualites', [...])
 4 APPPATH\Controllers\Statiques.php(27): App\Controllers\Statiques->afficher('actualites')
 5 SYSTEMPATH\CodeIgniter.php(941): App\Controllers\Statiques->actualites()
 6 SYSTEMPATH\CodeIgniter.php(502): CodeIgniter\CodeIgniter->runController(Object(App\Controllers\Statiques))
 7 SYSTEMPATH\CodeIgniter.php(361): CodeIgniter\CodeIgniter->handleRequest(null, Object(Config\Cache), false)
 8 FCPATH\index.php(79): CodeIgniter\CodeIgniter->run()
CRITICAL - 2024-08-24 05:37:14 --> ParseError: syntax error, unexpected 'echo' (T_ECHO)
in APPPATH\Views\statiques\actualites.php on line 109.
 1 SYSTEMPATH\View\View.php(231): CodeIgniter\View\View->CodeIgniter\View\{closure}()
 2 SYSTEMPATH\Common.php(1178): CodeIgniter\View\View->render('statiques/actualites', [], true)
 3 APPPATH\Controllers\Statiques.php(142): view('statiques/actualites', [...])
 4 APPPATH\Controllers\Statiques.php(27): App\Controllers\Statiques->afficher('actualites')
 5 SYSTEMPATH\CodeIgniter.php(941): App\Controllers\Statiques->actualites()
 6 SYSTEMPATH\CodeIgniter.php(502): CodeIgniter\CodeIgniter->runController(Object(App\Controllers\Statiques))
 7 SYSTEMPATH\CodeIgniter.php(361): CodeIgniter\CodeIgniter->handleRequest(null, Object(Config\Cache), false)
 8 FCPATH\index.php(79): CodeIgniter\CodeIgniter->run()
CRITICAL - 2024-08-24 05:41:58 --> ParseError: syntax error, unexpected 'echo' (T_ECHO)
in APPPATH\Views\statiques\actualites.php on line 110.
 1 SYSTEMPATH\View\View.php(231): CodeIgniter\View\View->CodeIgniter\View\{closure}()
 2 SYSTEMPATH\Common.php(1178): CodeIgniter\View\View->render('statiques/actualites', [], true)
 3 APPPATH\Controllers\Statiques.php(142): view('statiques/actualites', [...])
 4 APPPATH\Controllers\Statiques.php(27): App\Controllers\Statiques->afficher('actualites')
 5 SYSTEMPATH\CodeIgniter.php(941): App\Controllers\Statiques->actualites()
 6 SYSTEMPATH\CodeIgniter.php(502): CodeIgniter\CodeIgniter->runController(Object(App\Controllers\Statiques))
 7 SYSTEMPATH\CodeIgniter.php(361): CodeIgniter\CodeIgniter->handleRequest(null, Object(Config\Cache), false)
 8 FCPATH\index.php(79): CodeIgniter\CodeIgniter->run()
CRITICAL - 2024-08-24 05:43:28 --> ParseError: syntax error, unexpected 'echo' (T_ECHO)
in APPPATH\Views\statiques\actualites.php on line 110.
 1 SYSTEMPATH\View\View.php(231): CodeIgniter\View\View->CodeIgniter\View\{closure}()
 2 SYSTEMPATH\Common.php(1178): CodeIgniter\View\View->render('statiques/actualites', [], true)
 3 APPPATH\Controllers\Statiques.php(142): view('statiques/actualites', [...])
 4 APPPATH\Controllers\Statiques.php(27): App\Controllers\Statiques->afficher('actualites')
 5 SYSTEMPATH\CodeIgniter.php(941): App\Controllers\Statiques->actualites()
 6 SYSTEMPATH\CodeIgniter.php(502): CodeIgniter\CodeIgniter->runController(Object(App\Controllers\Statiques))
 7 SYSTEMPATH\CodeIgniter.php(361): CodeIgniter\CodeIgniter->handleRequest(null, Object(Config\Cache), false)
 8 FCPATH\index.php(79): CodeIgniter\CodeIgniter->run()
CRITICAL - 2024-08-24 05:43:29 --> ParseError: syntax error, unexpected 'echo' (T_ECHO)
in APPPATH\Views\statiques\actualites.php on line 110.
 1 SYSTEMPATH\View\View.php(231): CodeIgniter\View\View->CodeIgniter\View\{closure}()
 2 SYSTEMPATH\Common.php(1178): CodeIgniter\View\View->render('statiques/actualites', [], true)
 3 APPPATH\Controllers\Statiques.php(142): view('statiques/actualites', [...])
 4 APPPATH\Controllers\Statiques.php(27): App\Controllers\Statiques->afficher('actualites')
 5 SYSTEMPATH\CodeIgniter.php(941): App\Controllers\Statiques->actualites()
 6 SYSTEMPATH\CodeIgniter.php(502): CodeIgniter\CodeIgniter->runController(Object(App\Controllers\Statiques))
 7 SYSTEMPATH\CodeIgniter.php(361): CodeIgniter\CodeIgniter->handleRequest(null, Object(Config\Cache), false)
 8 FCPATH\index.php(79): CodeIgniter\CodeIgniter->run()
CRITICAL - 2024-08-24 05:43:54 --> ErrorException: Undefined variable: pager
in APPPATH\Views\statiques\actualites.php on line 110.
 1 APPPATH\Views\statiques\actualites.php(110): CodeIgniter\Debug\Exceptions->errorHandler(8, 'Undefined variable: pager', 'C:\\wamp64\\www\\mpem\\app\\Views\\statiques\\actualites.php', 110, [...])
 2 SYSTEMPATH\View\View.php(228): include('C:\\wamp64\\www\\mpem\\app\\Views\\statiques\\actualites.php')
 3 SYSTEMPATH\View\View.php(231): CodeIgniter\View\View->CodeIgniter\View\{closure}()
 4 SYSTEMPATH\Common.php(1178): CodeIgniter\View\View->render('statiques/actualites', [], true)
 5 APPPATH\Controllers\Statiques.php(142): view('statiques/actualites', [...])
 6 APPPATH\Controllers\Statiques.php(27): App\Controllers\Statiques->afficher('actualites')
 7 SYSTEMPATH\CodeIgniter.php(941): App\Controllers\Statiques->actualites()
 8 SYSTEMPATH\CodeIgniter.php(502): CodeIgniter\CodeIgniter->runController(Object(App\Controllers\Statiques))
 9 SYSTEMPATH\CodeIgniter.php(361): CodeIgniter\CodeIgniter->handleRequest(null, Object(Config\Cache), false)
10 FCPATH\index.php(79): CodeIgniter\CodeIgniter->run()
CRITICAL - 2024-08-24 05:43:57 --> ErrorException: Undefined variable: pager
in APPPATH\Views\statiques\actualites.php on line 110.
 1 APPPATH\Views\statiques\actualites.php(110): CodeIgniter\Debug\Exceptions->errorHandler(8, 'Undefined variable: pager', 'C:\\wamp64\\www\\mpem\\app\\Views\\statiques\\actualites.php', 110, [...])
 2 SYSTEMPATH\View\View.php(228): include('C:\\wamp64\\www\\mpem\\app\\Views\\statiques\\actualites.php')
 3 SYSTEMPATH\View\View.php(231): CodeIgniter\View\View->CodeIgniter\View\{closure}()
 4 SYSTEMPATH\Common.php(1178): CodeIgniter\View\View->render('statiques/actualites', [], true)
 5 APPPATH\Controllers\Statiques.php(142): view('statiques/actualites', [...])
 6 APPPATH\Controllers\Statiques.php(27): App\Controllers\Statiques->afficher('actualites')
 7 SYSTEMPATH\CodeIgniter.php(941): App\Controllers\Statiques->actualites()
 8 SYSTEMPATH\CodeIgniter.php(502): CodeIgniter\CodeIgniter->runController(Object(App\Controllers\Statiques))
 9 SYSTEMPATH\CodeIgniter.php(361): CodeIgniter\CodeIgniter->handleRequest(null, Object(Config\Cache), false)
10 FCPATH\index.php(79): CodeIgniter\CodeIgniter->run()
CRITICAL - 2024-08-24 05:43:57 --> ErrorException: Undefined variable: pager
in APPPATH\Views\statiques\actualites.php on line 110.
 1 APPPATH\Views\statiques\actualites.php(110): CodeIgniter\Debug\Exceptions->errorHandler(8, 'Undefined variable: pager', 'C:\\wamp64\\www\\mpem\\app\\Views\\statiques\\actualites.php', 110, [...])
 2 SYSTEMPATH\View\View.php(228): include('C:\\wamp64\\www\\mpem\\app\\Views\\statiques\\actualites.php')
 3 SYSTEMPATH\View\View.php(231): CodeIgniter\View\View->CodeIgniter\View\{closure}()
 4 SYSTEMPATH\Common.php(1178): CodeIgniter\View\View->render('statiques/actualites', [], true)
 5 APPPATH\Controllers\Statiques.php(142): view('statiques/actualites', [...])
 6 APPPATH\Controllers\Statiques.php(27): App\Controllers\Statiques->afficher('actualites')
 7 SYSTEMPATH\CodeIgniter.php(941): App\Controllers\Statiques->actualites()
 8 SYSTEMPATH\CodeIgniter.php(502): CodeIgniter\CodeIgniter->runController(Object(App\Controllers\Statiques))
 9 SYSTEMPATH\CodeIgniter.php(361): CodeIgniter\CodeIgniter->handleRequest(null, Object(Config\Cache), false)
10 FCPATH\index.php(79): CodeIgniter\CodeIgniter->run()
CRITICAL - 2024-08-24 05:47:22 --> ErrorException: Undefined variable: pager
in APPPATH\Views\statiques\actualites.php on line 110.
 1 APPPATH\Views\statiques\actualites.php(110): CodeIgniter\Debug\Exceptions->errorHandler(8, 'Undefined variable: pager', 'C:\\wamp64\\www\\mpem\\app\\Views\\statiques\\actualites.php', 110, [...])
 2 SYSTEMPATH\View\View.php(228): include('C:\\wamp64\\www\\mpem\\app\\Views\\statiques\\actualites.php')
 3 SYSTEMPATH\View\View.php(231): CodeIgniter\View\View->CodeIgniter\View\{closure}()
 4 SYSTEMPATH\Common.php(1178): CodeIgniter\View\View->render('statiques/actualites', [], true)
 5 APPPATH\Controllers\Statiques.php(142): view('statiques/actualites', [...])
 6 APPPATH\Controllers\Statiques.php(27): App\Controllers\Statiques->afficher('actualites')
 7 SYSTEMPATH\CodeIgniter.php(941): App\Controllers\Statiques->actualites()
 8 SYSTEMPATH\CodeIgniter.php(502): CodeIgniter\CodeIgniter->runController(Object(App\Controllers\Statiques))
 9 SYSTEMPATH\CodeIgniter.php(361): CodeIgniter\CodeIgniter->handleRequest(null, Object(Config\Cache), false)
10 FCPATH\index.php(79): CodeIgniter\CodeIgniter->run()
CRITICAL - 2024-08-24 05:48:44 --> ErrorException: Undefined variable: pager
in APPPATH\Views\statiques\actualites.php on line 110.
 1 APPPATH\Views\statiques\actualites.php(110): CodeIgniter\Debug\Exceptions->errorHandler(8, 'Undefined variable: pager', 'C:\\wamp64\\www\\mpem\\app\\Views\\statiques\\actualites.php', 110, [...])
 2 SYSTEMPATH\View\View.php(228): include('C:\\wamp64\\www\\mpem\\app\\Views\\statiques\\actualites.php')
 3 SYSTEMPATH\View\View.php(231): CodeIgniter\View\View->CodeIgniter\View\{closure}()
 4 SYSTEMPATH\Common.php(1178): CodeIgniter\View\View->render('statiques/actualites', [], true)
 5 APPPATH\Controllers\Statiques.php(142): view('statiques/actualites', [...])
 6 APPPATH\Controllers\Statiques.php(27): App\Controllers\Statiques->afficher('actualites')
 7 SYSTEMPATH\CodeIgniter.php(941): App\Controllers\Statiques->actualites()
 8 SYSTEMPATH\CodeIgniter.php(502): CodeIgniter\CodeIgniter->runController(Object(App\Controllers\Statiques))
 9 SYSTEMPATH\CodeIgniter.php(361): CodeIgniter\CodeIgniter->handleRequest(null, Object(Config\Cache), false)
10 FCPATH\index.php(79): CodeIgniter\CodeIgniter->run()
CRITICAL - 2024-08-24 05:49:10 --> ErrorException: Undefined variable: pager
in APPPATH\Views\statiques\actualites.php on line 110.
 1 APPPATH\Views\statiques\actualites.php(110): CodeIgniter\Debug\Exceptions->errorHandler(8, 'Undefined variable: pager', 'C:\\wamp64\\www\\mpem\\app\\Views\\statiques\\actualites.php', 110, [...])
 2 SYSTEMPATH\View\View.php(228): include('C:\\wamp64\\www\\mpem\\app\\Views\\statiques\\actualites.php')
 3 SYSTEMPATH\View\View.php(231): CodeIgniter\View\View->CodeIgniter\View\{closure}()
 4 SYSTEMPATH\Common.php(1178): CodeIgniter\View\View->render('statiques/actualites', [], true)
 5 APPPATH\Controllers\Statiques.php(142): view('statiques/actualites', [...])
 6 APPPATH\Controllers\Statiques.php(27): App\Controllers\Statiques->afficher('actualites')
 7 SYSTEMPATH\CodeIgniter.php(941): App\Controllers\Statiques->actualites()
 8 SYSTEMPATH\CodeIgniter.php(502): CodeIgniter\CodeIgniter->runController(Object(App\Controllers\Statiques))
 9 SYSTEMPATH\CodeIgniter.php(361): CodeIgniter\CodeIgniter->handleRequest(null, Object(Config\Cache), false)
10 FCPATH\index.php(79): CodeIgniter\CodeIgniter->run()
CRITICAL - 2024-08-24 05:49:47 --> ErrorException: Undefined variable: pager
in APPPATH\Views\statiques\actualites.php on line 110.
 1 APPPATH\Views\statiques\actualites.php(110): CodeIgniter\Debug\Exceptions->errorHandler(8, 'Undefined variable: pager', 'C:\\wamp64\\www\\mpem\\app\\Views\\statiques\\actualites.php', 110, [...])
 2 SYSTEMPATH\View\View.php(228): include('C:\\wamp64\\www\\mpem\\app\\Views\\statiques\\actualites.php')
 3 SYSTEMPATH\View\View.php(231): CodeIgniter\View\View->CodeIgniter\View\{closure}()
 4 SYSTEMPATH\Common.php(1178): CodeIgniter\View\View->render('statiques/actualites', [], true)
 5 APPPATH\Controllers\Statiques.php(142): view('statiques/actualites', [...])
 6 APPPATH\Controllers\Statiques.php(27): App\Controllers\Statiques->afficher('actualites')
 7 SYSTEMPATH\CodeIgniter.php(941): App\Controllers\Statiques->actualites()
 8 SYSTEMPATH\CodeIgniter.php(502): CodeIgniter\CodeIgniter->runController(Object(App\Controllers\Statiques))
 9 SYSTEMPATH\CodeIgniter.php(361): CodeIgniter\CodeIgniter->handleRequest(null, Object(Config\Cache), false)
10 FCPATH\index.php(79): CodeIgniter\CodeIgniter->run()
CRITICAL - 2024-08-24 05:50:58 --> ErrorException: Undefined variable: pager
in APPPATH\Views\statiques\actualites.php on line 110.
 1 APPPATH\Views\statiques\actualites.php(110): CodeIgniter\Debug\Exceptions->errorHandler(8, 'Undefined variable: pager', 'C:\\wamp64\\www\\mpem\\app\\Views\\statiques\\actualites.php', 110, [...])
 2 SYSTEMPATH\View\View.php(228): include('C:\\wamp64\\www\\mpem\\app\\Views\\statiques\\actualites.php')
 3 SYSTEMPATH\View\View.php(231): CodeIgniter\View\View->CodeIgniter\View\{closure}()
 4 SYSTEMPATH\Common.php(1178): CodeIgniter\View\View->render('statiques/actualites', [], true)
 5 APPPATH\Controllers\Statiques.php(142): view('statiques/actualites', [...])
 6 APPPATH\Controllers\Statiques.php(27): App\Controllers\Statiques->afficher('actualites')
 7 SYSTEMPATH\CodeIgniter.php(941): App\Controllers\Statiques->actualites()
 8 SYSTEMPATH\CodeIgniter.php(502): CodeIgniter\CodeIgniter->runController(Object(App\Controllers\Statiques))
 9 SYSTEMPATH\CodeIgniter.php(361): CodeIgniter\CodeIgniter->handleRequest(null, Object(Config\Cache), false)
10 FCPATH\index.php(79): CodeIgniter\CodeIgniter->run()
CRITICAL - 2024-08-24 05:50:59 --> ErrorException: Undefined variable: pager
in APPPATH\Views\statiques\actualites.php on line 110.
 1 APPPATH\Views\statiques\actualites.php(110): CodeIgniter\Debug\Exceptions->errorHandler(8, 'Undefined variable: pager', 'C:\\wamp64\\www\\mpem\\app\\Views\\statiques\\actualites.php', 110, [...])
 2 SYSTEMPATH\View\View.php(228): include('C:\\wamp64\\www\\mpem\\app\\Views\\statiques\\actualites.php')
 3 SYSTEMPATH\View\View.php(231): CodeIgniter\View\View->CodeIgniter\View\{closure}()
 4 SYSTEMPATH\Common.php(1178): CodeIgniter\View\View->render('statiques/actualites', [], true)
 5 APPPATH\Controllers\Statiques.php(142): view('statiques/actualites', [...])
 6 APPPATH\Controllers\Statiques.php(27): App\Controllers\Statiques->afficher('actualites')
 7 SYSTEMPATH\CodeIgniter.php(941): App\Controllers\Statiques->actualites()
 8 SYSTEMPATH\CodeIgniter.php(502): CodeIgniter\CodeIgniter->runController(Object(App\Controllers\Statiques))
 9 SYSTEMPATH\CodeIgniter.php(361): CodeIgniter\CodeIgniter->handleRequest(null, Object(Config\Cache), false)
10 FCPATH\index.php(79): CodeIgniter\CodeIgniter->run()
CRITICAL - 2024-08-24 05:51:40 --> ErrorException: Undefined variable: pager
in APPPATH\Views\statiques\actualites.php on line 110.
 1 APPPATH\Views\statiques\actualites.php(110): CodeIgniter\Debug\Exceptions->errorHandler(8, 'Undefined variable: pager', 'C:\\wamp64\\www\\mpem\\app\\Views\\statiques\\actualites.php', 110, [...])
 2 SYSTEMPATH\View\View.php(228): include('C:\\wamp64\\www\\mpem\\app\\Views\\statiques\\actualites.php')
 3 SYSTEMPATH\View\View.php(231): CodeIgniter\View\View->CodeIgniter\View\{closure}()
 4 SYSTEMPATH\Common.php(1178): CodeIgniter\View\View->render('statiques/actualites', [], true)
 5 APPPATH\Controllers\Statiques.php(142): view('statiques/actualites', [...])
 6 APPPATH\Controllers\Statiques.php(27): App\Controllers\Statiques->afficher('actualites')
 7 SYSTEMPATH\CodeIgniter.php(941): App\Controllers\Statiques->actualites()
 8 SYSTEMPATH\CodeIgniter.php(502): CodeIgniter\CodeIgniter->runController(Object(App\Controllers\Statiques))
 9 SYSTEMPATH\CodeIgniter.php(361): CodeIgniter\CodeIgniter->handleRequest(null, Object(Config\Cache), false)
10 FCPATH\index.php(79): CodeIgniter\CodeIgniter->run()
CRITICAL - 2024-08-24 05:51:41 --> ErrorException: Undefined variable: pager
in APPPATH\Views\statiques\actualites.php on line 110.
 1 APPPATH\Views\statiques\actualites.php(110): CodeIgniter\Debug\Exceptions->errorHandler(8, 'Undefined variable: pager', 'C:\\wamp64\\www\\mpem\\app\\Views\\statiques\\actualites.php', 110, [...])
 2 SYSTEMPATH\View\View.php(228): include('C:\\wamp64\\www\\mpem\\app\\Views\\statiques\\actualites.php')
 3 SYSTEMPATH\View\View.php(231): CodeIgniter\View\View->CodeIgniter\View\{closure}()
 4 SYSTEMPATH\Common.php(1178): CodeIgniter\View\View->render('statiques/actualites', [], true)
 5 APPPATH\Controllers\Statiques.php(142): view('statiques/actualites', [...])
 6 APPPATH\Controllers\Statiques.php(27): App\Controllers\Statiques->afficher('actualites')
 7 SYSTEMPATH\CodeIgniter.php(941): App\Controllers\Statiques->actualites()
 8 SYSTEMPATH\CodeIgniter.php(502): CodeIgniter\CodeIgniter->runController(Object(App\Controllers\Statiques))
 9 SYSTEMPATH\CodeIgniter.php(361): CodeIgniter\CodeIgniter->handleRequest(null, Object(Config\Cache), false)
10 FCPATH\index.php(79): CodeIgniter\CodeIgniter->run()
CRITICAL - 2024-08-24 05:54:02 --> ErrorException: Undefined variable: pager
in APPPATH\Views\statiques\actualites.php on line 110.
 1 APPPATH\Views\statiques\actualites.php(110): CodeIgniter\Debug\Exceptions->errorHandler(8, 'Undefined variable: pager', 'C:\\wamp64\\www\\mpem\\app\\Views\\statiques\\actualites.php', 110, [...])
 2 SYSTEMPATH\View\View.php(228): include('C:\\wamp64\\www\\mpem\\app\\Views\\statiques\\actualites.php')
 3 SYSTEMPATH\View\View.php(231): CodeIgniter\View\View->CodeIgniter\View\{closure}()
 4 SYSTEMPATH\Common.php(1178): CodeIgniter\View\View->render('statiques/actualites', [], true)
 5 APPPATH\Controllers\Statiques.php(142): view('statiques/actualites', [...])
 6 APPPATH\Controllers\Statiques.php(27): App\Controllers\Statiques->afficher('actualites', 'pager')
 7 SYSTEMPATH\CodeIgniter.php(941): App\Controllers\Statiques->actualites()
 8 SYSTEMPATH\CodeIgniter.php(502): CodeIgniter\CodeIgniter->runController(Object(App\Controllers\Statiques))
 9 SYSTEMPATH\CodeIgniter.php(361): CodeIgniter\CodeIgniter->handleRequest(null, Object(Config\Cache), false)
10 FCPATH\index.php(79): CodeIgniter\CodeIgniter->run()
INFO - 2024-08-24 05:57:58 --> Session: Class initialized using 'CodeIgniter\Session\Handlers\FileHandler' driver.
INFO - 2024-08-24 05:58:12 --> Session: Class initialized using 'CodeIgniter\Session\Handlers\FileHandler' driver.
CRITICAL - 2024-08-24 06:10:22 --> Error: Call to undefined method CodeIgniter\Pager\Pager::inks()
in APPPATH\Views\statiques\actualites.php on line 112.
 1 SYSTEMPATH\View\View.php(228): include()
 2 SYSTEMPATH\View\View.php(231): CodeIgniter\View\View->CodeIgniter\View\{closure}()
 3 SYSTEMPATH\Common.php(1178): CodeIgniter\View\View->render('statiques/actualites', [], true)
 4 APPPATH\Controllers\Statiques.php(148): view('statiques/actualites', [...])
 5 APPPATH\Controllers\Statiques.php(27): App\Controllers\Statiques->afficher('actualites')
 6 SYSTEMPATH\CodeIgniter.php(941): App\Controllers\Statiques->actualites()
 7 SYSTEMPATH\CodeIgniter.php(502): CodeIgniter\CodeIgniter->runController(Object(App\Controllers\Statiques))
 8 SYSTEMPATH\CodeIgniter.php(361): CodeIgniter\CodeIgniter->handleRequest(null, Object(Config\Cache), false)
 9 FCPATH\index.php(79): CodeIgniter\CodeIgniter->run()
CRITICAL - 2024-08-24 06:10:37 --> Error: Call to undefined method CodeIgniter\Pager\Pager::siLinks()
in APPPATH\Views\statiques\actualites.php on line 112.
 1 SYSTEMPATH\View\View.php(228): include()
 2 SYSTEMPATH\View\View.php(231): CodeIgniter\View\View->CodeIgniter\View\{closure}()
 3 SYSTEMPATH\Common.php(1178): CodeIgniter\View\View->render('statiques/actualites', [], true)
 4 APPPATH\Controllers\Statiques.php(148): view('statiques/actualites', [...])
 5 APPPATH\Controllers\Statiques.php(27): App\Controllers\Statiques->afficher('actualites')
 6 SYSTEMPATH\CodeIgniter.php(941): App\Controllers\Statiques->actualites()
 7 SYSTEMPATH\CodeIgniter.php(502): CodeIgniter\CodeIgniter->runController(Object(App\Controllers\Statiques))
 8 SYSTEMPATH\CodeIgniter.php(361): CodeIgniter\CodeIgniter->handleRequest(null, Object(Config\Cache), false)
 9 FCPATH\index.php(79): CodeIgniter\CodeIgniter->run()
CRITICAL - 2024-08-24 06:11:09 --> Error: Call to undefined method CodeIgniter\Pager\Pager::inks()
in APPPATH\Views\statiques\actualites.php on line 112.
 1 SYSTEMPATH\View\View.php(228): include()
 2 SYSTEMPATH\View\View.php(231): CodeIgniter\View\View->CodeIgniter\View\{closure}()
 3 SYSTEMPATH\Common.php(1178): CodeIgniter\View\View->render('statiques/actualites', [], true)
 4 APPPATH\Controllers\Statiques.php(148): view('statiques/actualites', [...])
 5 APPPATH\Controllers\Statiques.php(27): App\Controllers\Statiques->afficher('actualites')
 6 SYSTEMPATH\CodeIgniter.php(941): App\Controllers\Statiques->actualites()
 7 SYSTEMPATH\CodeIgniter.php(502): CodeIgniter\CodeIgniter->runController(Object(App\Controllers\Statiques))
 8 SYSTEMPATH\CodeIgniter.php(361): CodeIgniter\CodeIgniter->handleRequest(null, Object(Config\Cache), false)
 9 FCPATH\index.php(79): CodeIgniter\CodeIgniter->run()
INFO - 2024-08-24 16:12:14 --> Session: Class initialized using 'CodeIgniter\Session\Handlers\FileHandler' driver.
CRITICAL - 2024-08-24 16:25:40 --> ParseError: syntax error, unexpected ';'
in APPPATH\Config\Pager.php on line 36.
 1 SYSTEMPATH\Autoloader\Autoloader.php(290): CodeIgniter\Autoloader\Autoloader->includeFile('C:\\wamp64\\www\\mpem\\app\\Config\\Pager.php')
 2 SYSTEMPATH\Autoloader\Autoloader.php(266): CodeIgniter\Autoloader\Autoloader->loadInNamespace('Config\\Pager')
 3 [internal function]: CodeIgniter\Autoloader\Autoloader->loadClass('Config\\Pager')
 4 [internal function]: spl_autoload_call('Config\\Pager')
 5 SYSTEMPATH\Config\Factories.php(280): class_exists('Config\\Pager')
 6 SYSTEMPATH\Config\Factories.php(199): CodeIgniter\Config\Factories::locateClass([...], 'Config\\Pager')
 7 SYSTEMPATH\Config\Factories.php(158): CodeIgniter\Config\Factories::getDefinedInstance([...], 'Config\\Pager', [])
 8 SYSTEMPATH\Common.php(215): CodeIgniter\Config\Factories::__callStatic('config', [])
 9 SYSTEMPATH\Config\Services.php(466): config('Config\\Pager')
10 SYSTEMPATH\Config\BaseService.php(258): CodeIgniter\Config\Services::pager(null, null, false)
11 SYSTEMPATH\Config\BaseService.php(199): CodeIgniter\Config\BaseService::__callStatic('pager', [...])
12 SYSTEMPATH\Config\Services.php(463): CodeIgniter\Config\BaseService::getSharedInstance('pager', null, null)
13 SYSTEMPATH\Config\BaseService.php(258): CodeIgniter\Config\Services::pager()
14 SYSTEMPATH\Common.php(1008): CodeIgniter\Config\BaseService::__callStatic('pager', [])
15 APPPATH\Controllers\BaseController.php(56): service('pager')
16 SYSTEMPATH\CodeIgniter.php(914): App\Controllers\BaseController->initController(Object(CodeIgniter\HTTP\IncomingRequest), Object(CodeIgniter\HTTP\Response), Object(CodeIgniter\Log\Logger))
17 SYSTEMPATH\CodeIgniter.php(493): CodeIgniter\CodeIgniter->createController()
18 SYSTEMPATH\CodeIgniter.php(361): CodeIgniter\CodeIgniter->handleRequest(null, Object(Config\Cache), false)
19 FCPATH\index.php(79): CodeIgniter\CodeIgniter->run()
INFO - 2024-08-24 16:30:50 --> Session: Class initialized using 'CodeIgniter\Session\Handlers\FileHandler' driver.
INFO - 2024-08-24 16:33:28 --> Session: Class initialized using 'CodeIgniter\Session\Handlers\FileHandler' driver.
CRITICAL - 2024-08-24 16:37:50 --> ParseError: syntax error, unexpected 'paginate' (T_STRING), expecting ']'
in APPPATH\Controllers\Statiques.php on line 138.
 1 SYSTEMPATH\Autoloader\Autoloader.php(290): CodeIgniter\Autoloader\Autoloader->includeFile('C:\\wamp64\\www\\mpem\\app\\Controllers\\Statiques.php')
 2 SYSTEMPATH\Autoloader\Autoloader.php(266): CodeIgniter\Autoloader\Autoloader->loadInNamespace('App\\Controllers\\Statiques')
 3 [internal function]: CodeIgniter\Autoloader\Autoloader->loadClass('App\\Controllers\\Statiques')
 4 [internal function]: spl_autoload_call('App\\Controllers\\Statiques')
 5 SYSTEMPATH\CodeIgniter.php(899): class_exists('\\App\\Controllers\\Statiques', true)
 6 SYSTEMPATH\CodeIgniter.php(489): CodeIgniter\CodeIgniter->startController()
 7 SYSTEMPATH\CodeIgniter.php(361): CodeIgniter\CodeIgniter->handleRequest(null, Object(Config\Cache), false)
 8 FCPATH\index.php(79): CodeIgniter\CodeIgniter->run()
INFO - 2024-08-24 16:38:15 --> Session: Class initialized using 'CodeIgniter\Session\Handlers\FileHandler' driver.
CRITICAL - 2024-08-24 17:19:19 --> ParseError: syntax error, unexpected 'return' (T_RETURN), expecting function (T_FUNCTION) or const (T_CONST)
in APPPATH\Config\Pager.php on line 36.
 1 SYSTEMPATH\Autoloader\Autoloader.php(290): CodeIgniter\Autoloader\Autoloader->includeFile('C:\\wamp64\\www\\mpem\\app\\Config\\Pager.php')
 2 SYSTEMPATH\Autoloader\Autoloader.php(266): CodeIgniter\Autoloader\Autoloader->loadInNamespace('Config\\Pager')
 3 [internal function]: CodeIgniter\Autoloader\Autoloader->loadClass('Config\\Pager')
 4 [internal function]: spl_autoload_call('Config\\Pager')
 5 SYSTEMPATH\Config\Factories.php(280): class_exists('Config\\Pager')
 6 SYSTEMPATH\Config\Factories.php(199): CodeIgniter\Config\Factories::locateClass([...], 'Config\\Pager')
 7 SYSTEMPATH\Config\Factories.php(158): CodeIgniter\Config\Factories::getDefinedInstance([...], 'Config\\Pager', [])
 8 SYSTEMPATH\Common.php(215): CodeIgniter\Config\Factories::__callStatic('config', [])
 9 SYSTEMPATH\Config\Services.php(466): config('Config\\Pager')
10 SYSTEMPATH\Config\BaseService.php(258): CodeIgniter\Config\Services::pager(null, null, false)
11 SYSTEMPATH\Config\BaseService.php(199): CodeIgniter\Config\BaseService::__callStatic('pager', [...])
12 SYSTEMPATH\Config\Services.php(463): CodeIgniter\Config\BaseService::getSharedInstance('pager', null, null)
13 SYSTEMPATH\Config\BaseService.php(258): CodeIgniter\Config\Services::pager()
14 SYSTEMPATH\Common.php(1008): CodeIgniter\Config\BaseService::__callStatic('pager', [])
15 APPPATH\Controllers\BaseController.php(56): service('pager')
16 SYSTEMPATH\CodeIgniter.php(914): App\Controllers\BaseController->initController(Object(CodeIgniter\HTTP\IncomingRequest), Object(CodeIgniter\HTTP\Response), Object(CodeIgniter\Log\Logger))
17 SYSTEMPATH\CodeIgniter.php(493): CodeIgniter\CodeIgniter->createController()
18 SYSTEMPATH\CodeIgniter.php(361): CodeIgniter\CodeIgniter->handleRequest(null, Object(Config\Cache), false)
19 FCPATH\index.php(79): CodeIgniter\CodeIgniter->run()
INFO - 2024-08-24 17:51:21 --> Session: Class initialized using 'CodeIgniter\Session\Handlers\FileHandler' driver.
INFO - 2024-08-24 18:04:49 --> Session: Class initialized using 'CodeIgniter\Session\Handlers\FileHandler' driver.
INFO - 2024-08-24 18:04:53 --> Session: Class initialized using 'CodeIgniter\Session\Handlers\FileHandler' driver.
CRITICAL - 2024-08-24 18:05:38 --> ParseError: syntax error, unexpected 'endif' (T_ENDIF), expecting end of file
in APPPATH\Views\statiques\actualites.php on line 107.
 1 SYSTEMPATH\View\View.php(231): CodeIgniter\View\View->CodeIgniter\View\{closure}()
 2 SYSTEMPATH\Common.php(1178): CodeIgniter\View\View->render('statiques/actualites', [], true)
 3 APPPATH\Controllers\Statiques.php(148): view('statiques/actualites', [...])
 4 APPPATH\Controllers\Statiques.php(27): App\Controllers\Statiques->afficher('actualites')
 5 SYSTEMPATH\CodeIgniter.php(941): App\Controllers\Statiques->actualites()
 6 SYSTEMPATH\CodeIgniter.php(502): CodeIgniter\CodeIgniter->runController(Object(App\Controllers\Statiques))
 7 SYSTEMPATH\CodeIgniter.php(361): CodeIgniter\CodeIgniter->handleRequest(null, Object(Config\Cache), false)
 8 FCPATH\index.php(79): CodeIgniter\CodeIgniter->run()
INFO - 2024-08-24 18:08:40 --> Session: Class initialized using 'CodeIgniter\Session\Handlers\FileHandler' driver.
INFO - 2024-08-24 18:19:09 --> Session: Class initialized using 'CodeIgniter\Session\Handlers\FileHandler' driver.
INFO - 2024-08-24 21:43:19 --> Session: Class initialized using 'CodeIgniter\Session\Handlers\FileHandler' driver.
CRITICAL - 2024-08-24 21:46:41 --> ParseError: syntax error, unexpected '<'
in APPPATH\Controllers\Statiques.php on line 136.
 1 SYSTEMPATH\Autoloader\Autoloader.php(290): CodeIgniter\Autoloader\Autoloader->includeFile('C:\\wamp64\\www\\mpem\\app\\Controllers\\Statiques.php')
 2 SYSTEMPATH\Autoloader\Autoloader.php(266): CodeIgniter\Autoloader\Autoloader->loadInNamespace('App\\Controllers\\Statiques')
 3 [internal function]: CodeIgniter\Autoloader\Autoloader->loadClass('App\\Controllers\\Statiques')
 4 [internal function]: spl_autoload_call('App\\Controllers\\Statiques')
 5 SYSTEMPATH\CodeIgniter.php(899): class_exists('\\App\\Controllers\\Statiques', true)
 6 SYSTEMPATH\CodeIgniter.php(489): CodeIgniter\CodeIgniter->startController()
 7 SYSTEMPATH\CodeIgniter.php(361): CodeIgniter\CodeIgniter->handleRequest(null, Object(Config\Cache), false)
 8 FCPATH\index.php(79): CodeIgniter\CodeIgniter->run()
INFO - 2024-08-24 21:50:41 --> Session: Class initialized using 'CodeIgniter\Session\Handlers\FileHandler' driver.
INFO - 2024-08-24 21:52:11 --> Session: Class initialized using 'CodeIgniter\Session\Handlers\FileHandler' driver.
INFO - 2024-08-24 21:54:38 --> Session: Class initialized using 'CodeIgniter\Session\Handlers\FileHandler' driver.
