CRITICAL - 2024-06-26 00:00:04 --> ParseError: syntax error, unexpected 'endif' (T_ENDIF)
in APPPATH\Views\statiques\accueil.php on line 212.
 1 SYSTEMPATH\View\View.php(231): CodeIgniter\View\View->CodeIgniter\View\{closure}()
 2 SYSTEMPATH\Common.php(1178): CodeIgniter\View\View->render('statiques/accueil', [], true)
 3 APPPATH\Controllers\Statiques.php(141): view('statiques/accueil', [...])
 4 APPPATH\Controllers\Statiques.php(20): App\Controllers\Statiques->afficher('accueil')
 5 SYSTEMPATH\CodeIgniter.php(941): App\Controllers\Statiques->accueil()
 6 SYSTEMPATH\CodeIgniter.php(502): CodeIgniter\CodeIgniter->runController(Object(App\Controllers\Statiques))
 7 SYSTEMPATH\CodeIgniter.php(361): CodeIgniter\CodeIgniter->handleRequest(null, Object(Config\Cache), false)
 8 FCPATH\index.php(79): CodeIgniter\CodeIgniter->run()
CRITICAL - 2024-06-26 00:32:43 --> ErrorException: Undefined variable: article
in APPPATH\Views\statiques\accueil.php on line 82.
 1 APPPATH\Views\statiques\accueil.php(82): CodeIgniter\Debug\Exceptions->errorHandler(8, 'Undefined variable: article', 'C:\\wamp64\\www\\mpem\\app\\Views\\statiques\\accueil.php', 82, [...])
 2 SYSTEMPATH\View\View.php(228): include('C:\\wamp64\\www\\mpem\\app\\Views\\statiques\\accueil.php')
 3 SYSTEMPATH\View\View.php(231): CodeIgniter\View\View->CodeIgniter\View\{closure}()
 4 SYSTEMPATH\Common.php(1178): CodeIgniter\View\View->render('statiques/accueil', [], true)
 5 APPPATH\Controllers\Statiques.php(141): view('statiques/accueil', [...])
 6 APPPATH\Controllers\Statiques.php(20): App\Controllers\Statiques->afficher('accueil')
 7 SYSTEMPATH\CodeIgniter.php(941): App\Controllers\Statiques->accueil()
 8 SYSTEMPATH\CodeIgniter.php(502): CodeIgniter\CodeIgniter->runController(Object(App\Controllers\Statiques))
 9 SYSTEMPATH\CodeIgniter.php(361): CodeIgniter\CodeIgniter->handleRequest(null, Object(Config\Cache), false)
10 FCPATH\index.php(79): CodeIgniter\CodeIgniter->run()
CRITICAL - 2024-06-26 00:42:21 --> ParseError: syntax error, unexpected 'endforeach' (T_ENDFOREACH), expecting elseif (T_ELSEIF) or else (T_ELSE) or endif (T_ENDIF)
in APPPATH\Views\statiques\accueil.php on line 209.
 1 SYSTEMPATH\View\View.php(231): CodeIgniter\View\View->CodeIgniter\View\{closure}()
 2 SYSTEMPATH\Common.php(1178): CodeIgniter\View\View->render('statiques/accueil', [], true)
 3 APPPATH\Controllers\Statiques.php(141): view('statiques/accueil', [...])
 4 APPPATH\Controllers\Statiques.php(20): App\Controllers\Statiques->afficher('accueil')
 5 SYSTEMPATH\CodeIgniter.php(941): App\Controllers\Statiques->accueil()
 6 SYSTEMPATH\CodeIgniter.php(502): CodeIgniter\CodeIgniter->runController(Object(App\Controllers\Statiques))
 7 SYSTEMPATH\CodeIgniter.php(361): CodeIgniter\CodeIgniter->handleRequest(null, Object(Config\Cache), false)
 8 FCPATH\index.php(79): CodeIgniter\CodeIgniter->run()
