INFO - 2024-08-17 13:43:58 --> Session: Class initialized using 'CodeIgniter\Session\Handlers\FileHandler' driver.
CRITICAL - 2024-08-17 13:55:02 --> ErrorException: unlink(C:\wamp64\www\mpem\writable\debugbar/debugbar_1723827391.313642.json): No such file or directory
in SYSTEMPATH\Debug\Toolbar\Collectors\History.php on line 80.
 1 [internal function]: CodeIgniter\Debug\Exceptions->errorHandler(2, 'unlink(C:\\wamp64\\www\\mpem\\writable\\debugbar/debugbar_1723827391.313642.json): No such file or directory', 'C:\\wamp64\\www\\mpem\\system\\Debug\\Toolbar\\Collectors\\History.php', 80, [...])
 2 SYSTEMPATH\Debug\Toolbar\Collectors\History.php(80): unlink('C:\\wamp64\\www\\mpem\\writable\\debugbar/debugbar_1723827391.313642.json')
 3 SYSTEMPATH\Debug\Toolbar.php(498): CodeIgniter\Debug\Toolbar\Collectors\History->setFiles('1723902901.580356', 20)
 4 SYSTEMPATH\Debug\Toolbar.php(475): CodeIgniter\Debug\Toolbar->format([...], 'html')
 5 APPPATH\Config\Events.php(47): CodeIgniter\Debug\Toolbar->respond()
 6 SYSTEMPATH\Events\Events.php(154): CodeIgniter\Events\Events::Config\{closure}()
 7 SYSTEMPATH\CodeIgniter.php(442): CodeIgniter\Events\Events::trigger('pre_system')
 8 SYSTEMPATH\CodeIgniter.php(361): CodeIgniter\CodeIgniter->handleRequest(null, Object(Config\Cache), false)
 9 FCPATH\index.php(79): CodeIgniter\CodeIgniter->run()
CRITICAL - 2024-08-17 14:03:41 --> ErrorException: Undefined variable: total
in APPPATH\Views\statiques\actualites.php on line 116.
 1 APPPATH\Views\statiques\actualites.php(116): CodeIgniter\Debug\Exceptions->errorHandler(8, 'Undefined variable: total', 'C:\\wamp64\\www\\mpem\\app\\Views\\statiques\\actualites.php', 116, [...])
 2 SYSTEMPATH\View\View.php(228): include('C:\\wamp64\\www\\mpem\\app\\Views\\statiques\\actualites.php')
 3 SYSTEMPATH\View\View.php(231): CodeIgniter\View\View->CodeIgniter\View\{closure}()
 4 SYSTEMPATH\Common.php(1178): CodeIgniter\View\View->render('statiques/actualites', [], true)
 5 APPPATH\Controllers\Statiques.php(142): view('statiques/actualites', [...])
 6 APPPATH\Controllers\Statiques.php(27): App\Controllers\Statiques->afficher('actualites')
 7 SYSTEMPATH\CodeIgniter.php(941): App\Controllers\Statiques->actualites()
 8 SYSTEMPATH\CodeIgniter.php(502): CodeIgniter\CodeIgniter->runController(Object(App\Controllers\Statiques))
 9 SYSTEMPATH\CodeIgniter.php(361): CodeIgniter\CodeIgniter->handleRequest(null, Object(Config\Cache), false)
10 FCPATH\index.php(79): CodeIgniter\CodeIgniter->run()
INFO - 2024-08-17 14:31:12 --> Session: Class initialized using 'CodeIgniter\Session\Handlers\FileHandler' driver.
INFO - 2024-08-17 20:58:25 --> Session: Class initialized using 'CodeIgniter\Session\Handlers\FileHandler' driver.
INFO - 2024-08-17 20:58:31 --> Session: Class initialized using 'CodeIgniter\Session\Handlers\FileHandler' driver.
